<?xml version="1.0" encoding="UTF-8"?>
<!-- Generated by org.testng.reporters.JUnitXMLReporter -->
<testsuite ignored="1" hostname="DESKTOP-HUOEVJ3" failures="0" tests="1" name="Default test" time="4.164" errors="0" timestamp="2024-05-31T15:07:02 IST">
  <testcase classname="httpsMethods.Update_Delete_Request" name="deleteUser" time="4.076"/>
  <testcase classname="httpsMethods.Update_Delete_Request" name="UpdateUser" time="0.0">
    <ignored/>
  </testcase> <!-- UpdateUser -->
</testsuite> <!-- Default test -->
