<?xml version="1.0" encoding="UTF-8"?>
<testng-results ignored="1" total="2" passed="1" failed="0" skipped="0">
  <reporter-output>
  </reporter-output>
  <suite started-at="2024-05-31T15:06:57 IST" name="Default suite" finished-at="2024-05-31T15:07:02 IST" duration-ms="4164">
    <groups>
    </groups>
    <test started-at="2024-05-31T15:06:57 IST" name="Default test" finished-at="2024-05-31T15:07:02 IST" duration-ms="4164">
      <class name="httpsMethods.Update_Delete_Request">
        <test-method signature="deleteUser()[pri:0, instance:httpsMethods.Update_Delete_Request@4dbb42b7]" started-at="2024-05-31T15:06:58 IST" name="deleteUser" finished-at="2024-05-31T15:07:02 IST" duration-ms="4076" status="PASS">
          <reporter-output>
          </reporter-output>
        </test-method> <!-- deleteUser -->
      </class> <!-- httpsMethods.Update_Delete_Request -->
    </test> <!-- Default test -->
  </suite> <!-- Default suite -->
</testng-results>
